<?xml version="1.0" encoding="UTF-8"?>
<!-- Generated by org.testng.reporters.JUnitXMLReporter -->
<testsuite ignored="0" hostname="DESKTOP-CJGS9IU" failures="0" tests="8" name="Default test" time="1.824" errors="0" timestamp="2023-06-27T02:04:33 PDT">
  <testcase classname="Innovationcount.InnovacationCountDemo" name="testMethod1" time="0.179"/>
  <testcase classname="Innovationcount.InnovacationCountDemo" name="testMethod1" time="0.005"/>
  <testcase classname="Innovationcount.InnovacationCountDemo" name="testMethod1" time="0.033"/>
  <testcase classname="Innovationcount.InnovacationCountDemo" name="testMethod1" time="0.033"/>
  <testcase classname="Innovationcount.InnovacationCountDemo" name="testMethod1" time="0.033"/>
  <testcase classname="Innovationcount.InnovacationCountDemo" name="testMethod2" time="0.036"/>
  <testcase classname="Innovationcount.InnovacationCountDemo" name="testMethod2" time="0.005"/>
  <testcase classname="Innovationcount.InnovacationCountDemo" name="testMethod2" time="0.033"/>
</testsuite> <!-- Default test -->
