<?xml version="1.0" encoding="UTF-8"?>
<!-- Generated by org.testng.reporters.JUnitXMLReporter -->
<testsuite ignored="0" hostname="DESKTOP-CJGS9IU" failures="0" tests="5" name="Sanity Testing" time="0.243" errors="0" timestamp="2023-06-27T01:34:40 PDT">
  <testcase classname="BatchTesting.HomeScreenTest" name="LaunchApplication" time="0.004"/>
  <testcase classname="BatchTesting.HomeScreenTest" name="VerifyLogo" time="0.003"/>
  <testcase classname="BatchTesting.HomeScreenTest" name="VerifyTitle" time="0.003"/>
  <testcase classname="BatchTesting.LoginTest" name="LoginByEmail" time="0.053"/>
  <testcase classname="BatchTesting.LoginTest" name="LoginByMobileNumber" time="0.002"/>
</testsuite> <!-- Sanity Testing -->
