<?xml version="1.0" encoding="UTF-8"?>
<!-- Generated by org.testng.reporters.JUnitXMLReporter -->
<testsuite ignored="0" hostname="DESKTOP-CJGS9IU" failures="0" tests="3" name="Test" time="16.939" errors="0" timestamp="2023-06-24T03:56:56 PDT">
  <testcase classname="ParellelTestExeNG.ParallelTestDemo1" name="verifyLogo" time="10.645"/>
  <testcase classname="ParellelTestExeNG.ParallelTestDemo2" name="verifyLogin" time="13.709"/>
  <testcase classname="ParellelTestExeNG.ParallelTestDemo1" name="verifyTitle" time="6.187"/>
</testsuite> <!-- Test -->
