<?xml version="1.0" encoding="UTF-8"?>
<!-- Generated by org.testng.reporters.JUnitXMLReporter -->
<testsuite ignored="0" hostname="DESKTOP-CJGS9IU" failures="0" tests="6" name="Test" time="1.4" errors="0" timestamp="2023-06-27T01:55:53 PDT">
  <testcase classname="Innovationcount.InnovacationCountDemo" name="testMethod1" time="0.167"/>
  <testcase classname="Innovationcount.InnovacationCountDemo" name="testMethod1" time="0.003"/>
  <testcase classname="Innovationcount.InnovacationCountDemo" name="testMethod1" time="0.033"/>
  <testcase classname="Innovationcount.InnovacationCountDemo" name="testMethod1" time="0.095"/>
  <testcase classname="Innovationcount.InnovacationCountDemo" name="testMethod1" time="0.064"/>
  <testcase classname="Innovationcount.InnovacationCountDemo" name="testMethod2" time="0.033"/>
</testsuite> <!-- Test -->
