<?xml version="1.0" encoding="UTF-8"?>
<testng-results ignored="0" total="8" passed="8" failed="0" skipped="0">
  <reporter-output>
  </reporter-output>
  <suite started-at="2023-06-27T02:04:31 PDT" name="Default suite" finished-at="2023-06-27T02:04:33 PDT" duration-ms="1824">
    <groups>
    </groups>
    <test started-at="2023-06-27T02:04:31 PDT" name="Default test" finished-at="2023-06-27T02:04:33 PDT" duration-ms="1824">
      <class name="Innovationcount.InnovacationCountDemo">
        <test-method signature="testMethod1(org.testng.ITestContext)[pri:0, instance:Innovationcount.InnovacationCountDemo@78691363]" started-at="2023-06-27T02:04:32 PDT" name="testMethod1" finished-at="2023-06-27T02:04:32 PDT" duration-ms="179" status="PASS">
          <params>
            <param index="0">
              <value>
                <![CDATA[org.testng.TestRunner@37858383]]>
              </value>
            </param>
          </params>
          <reporter-output>
          </reporter-output>
        </test-method> <!-- testMethod1 -->
        <test-method signature="testMethod1(org.testng.ITestContext)[pri:0, instance:Innovationcount.InnovacationCountDemo@78691363]" started-at="2023-06-27T02:04:32 PDT" name="testMethod1" finished-at="2023-06-27T02:04:32 PDT" duration-ms="5" status="PASS">
          <params>
            <param index="0">
              <value>
                <![CDATA[org.testng.TestRunner@37858383]]>
              </value>
            </param>
          </params>
          <reporter-output>
          </reporter-output>
        </test-method> <!-- testMethod1 -->
        <test-method signature="testMethod1(org.testng.ITestContext)[pri:0, instance:Innovationcount.InnovacationCountDemo@78691363]" started-at="2023-06-27T02:04:33 PDT" name="testMethod1" finished-at="2023-06-27T02:04:33 PDT" duration-ms="33" status="PASS">
          <params>
            <param index="0">
              <value>
                <![CDATA[org.testng.TestRunner@37858383]]>
              </value>
            </param>
          </params>
          <reporter-output>
          </reporter-output>
        </test-method> <!-- testMethod1 -->
        <test-method signature="testMethod1(org.testng.ITestContext)[pri:0, instance:Innovationcount.InnovacationCountDemo@78691363]" started-at="2023-06-27T02:04:33 PDT" name="testMethod1" finished-at="2023-06-27T02:04:33 PDT" duration-ms="33" status="PASS">
          <params>
            <param index="0">
              <value>
                <![CDATA[org.testng.TestRunner@37858383]]>
              </value>
            </param>
          </params>
          <reporter-output>
          </reporter-output>
        </test-method> <!-- testMethod1 -->
        <test-method signature="testMethod1(org.testng.ITestContext)[pri:0, instance:Innovationcount.InnovacationCountDemo@78691363]" started-at="2023-06-27T02:04:33 PDT" name="testMethod1" finished-at="2023-06-27T02:04:33 PDT" duration-ms="33" status="PASS">
          <params>
            <param index="0">
              <value>
                <![CDATA[org.testng.TestRunner@37858383]]>
              </value>
            </param>
          </params>
          <reporter-output>
          </reporter-output>
        </test-method> <!-- testMethod1 -->
        <test-method signature="testMethod2(org.testng.ITestContext)[pri:0, instance:Innovationcount.InnovacationCountDemo@78691363]" started-at="2023-06-27T02:04:33 PDT" name="testMethod2" finished-at="2023-06-27T02:04:33 PDT" duration-ms="36" status="PASS">
          <params>
            <param index="0">
              <value>
                <![CDATA[org.testng.TestRunner@37858383]]>
              </value>
            </param>
          </params>
          <reporter-output>
          </reporter-output>
        </test-method> <!-- testMethod2 -->
        <test-method signature="testMethod2(org.testng.ITestContext)[pri:0, instance:Innovationcount.InnovacationCountDemo@78691363]" started-at="2023-06-27T02:04:33 PDT" name="testMethod2" finished-at="2023-06-27T02:04:33 PDT" duration-ms="5" status="PASS">
          <params>
            <param index="0">
              <value>
                <![CDATA[org.testng.TestRunner@37858383]]>
              </value>
            </param>
          </params>
          <reporter-output>
          </reporter-output>
        </test-method> <!-- testMethod2 -->
        <test-method signature="testMethod2(org.testng.ITestContext)[pri:0, instance:Innovationcount.InnovacationCountDemo@78691363]" started-at="2023-06-27T02:04:33 PDT" name="testMethod2" finished-at="2023-06-27T02:04:33 PDT" duration-ms="33" status="PASS">
          <params>
            <param index="0">
              <value>
                <![CDATA[org.testng.TestRunner@37858383]]>
              </value>
            </param>
          </params>
          <reporter-output>
          </reporter-output>
        </test-method> <!-- testMethod2 -->
      </class> <!-- Innovationcount.InnovacationCountDemo -->
    </test> <!-- Default test -->
  </suite> <!-- Default suite -->
</testng-results>
