<?xml version="1.0" encoding="UTF-8"?>
<!-- Generated by org.testng.reporters.JUnitXMLReporter -->
<testsuite ignored="0" hostname="DESKTOP-CJGS9IU" failures="0" tests="5" name="Functional Testing" time="0.248" errors="0" timestamp="2023-06-27T01:34:40 PDT">
  <testcase classname="BatchTesting.PaymentTest" name="CashOnDelivery" time="0.027"/>
  <testcase classname="BatchTesting.PaymentTest" name="NetBanking" time="0.003"/>
  <testcase classname="BatchTesting.ProductPageTest" name="AddProductToCart" time="0.005"/>
  <testcase classname="BatchTesting.ProductPageTest" name="AddProductToWishList" time="0.005"/>
  <testcase classname="BatchTesting.ProductPageTest" name="SelectQuantity" time="0.003"/>
</testsuite> <!-- Functional Testing -->
